

Users answer.Time: 21:41:48 09.10.2022 User ID: 900977963; Text: /start; 
Users answer. User ID: 900977963; Текст: Комплексные; 
Users answer. User ID: 5799483261; Текст: Введите мнимую часть первого числа без символа i:; 
Users answer. User ID: 5799483261; Текст: Введите действительную часть второго числа:; 
Users answer. User ID: 5799483261; Текст: Введите мнимую часть второго числа без символа i:; 
Users answer. User ID: 5799483261; Текст: Выберите действие:; 
Bots answer. User ID: 5799483261; Текст: Результат: 0.44 + (0.08i); 
Users answer.Time: 21:44:10 09.10.2022 User ID: 900977963; Text: /start; 
Users answer.Time: 21:44:11 09.10.2022 User ID: 900977963; Text: Комплексные; 
Users answer.Time: 21:44:13 09.10.2022 User ID: 5799483261; Text: Введите мнимую часть первого числа без символа i:; 
Users answer.Time: 21:44:14 09.10.2022 User ID: 5799483261; Text: Введите действительную часть второго числа:; 
Users answer.Time: 21:44:15 09.10.2022 User ID: 5799483261; Text: Введите мнимую часть второго числа без символа i:; 
Users answer.Time: 21:44:15 09.10.2022 User ID: 5799483261; Text: Выберите действие:; 
Bots answer.Time: 21:44:19 09.10.2022 User ID: 5799483261; Text: Результат: 4  + (6i); 
Users answer.Time: 21:44:20 09.10.2022 User ID: 900977963; Text: Комплексные; 
Users answer.Time: 21:44:22 09.10.2022 User ID: 5799483261; Text: Введите мнимую часть первого числа без символа i:; 
Users answer.Time: 21:44:23 09.10.2022 User ID: 5799483261; Text: Введите действительную часть второго числа:; 
Users answer.Time: 21:44:23 09.10.2022 User ID: 5799483261; Text: Введите мнимую часть второго числа без символа i:; 
Users answer.Time: 21:44:24 09.10.2022 User ID: 5799483261; Text: Выберите действие:; 
Bots answer.Time: 21:44:25 09.10.2022 User ID: 5799483261; Text: Результат: -2  + (-2i); 
Users answer.Time: 21:44:30 09.10.2022 User ID: 900977963; Text: /start; 
Users answer.Time: 21:44:32 09.10.2022 User ID: 900977963; Text: Комплексные; 
Users answer.Time: 21:44:34 09.10.2022 User ID: 5799483261; Text: Введите мнимую часть первого числа без символа i:; 
Users answer.Time: 21:44:34 09.10.2022 User ID: 5799483261; Text: Введите действительную часть второго числа:; 
Users answer.Time: 21:44:34 09.10.2022 User ID: 5799483261; Text: Введите мнимую часть второго числа без символа i:; 
Users answer.Time: 21:44:35 09.10.2022 User ID: 5799483261; Text: Выберите действие:; 
Bots answer.Time: 21:44:37 09.10.2022 User ID: 5799483261; Text: Результат: -5 + (10i); 
Time: 21:51:58 09.10.2022 User ID: 900977963; Text: /start; 
Time: 21:52:02 09.10.2022 User ID: 900977963; Text: /log; 
